#-----------------------------------------------------------
# Vivado v2017.3 (64-bit)
# SW Build 2018833 on Wed Oct  4 19:58:22 MDT 2017
# IP Build 2016188 on Wed Oct  4 21:52:56 MDT 2017
# Start of session at: Mon Dec 17 11:01:24 2018
# Process ID: 66068
# Current directory: D:/Work/vivado_project/vga_Display_char
# Command line: vivado.exe -gui_launcher_event rodinguilauncherevent70484 D:\Work\vivado_project\vga_Display_char\vga_Display_char.xpr
# Log file: D:/Work/vivado_project/vga_Display_char/vivado.log
# Journal file: D:/Work/vivado_project/vga_Display_char\vivado.jou
#-----------------------------------------------------------
start_gui
open_project D:/Work/vivado_project/vga_Display_char/vga_Display_char.xpr
Scanning sources...
Finished scanning sources
INFO: [IP_Flow 19-234] Refreshing IP repositories
INFO: [IP_Flow 19-1704] No user IP repositories specified
INFO: [IP_Flow 19-2313] Loaded Vivado IP repository 'D:/Xilinx/Vivado/2017.3/data/ip'.
open_project: Time (s): cpu = 00:00:19 ; elapsed = 00:00:08 . Memory (MB): peak = 807.738 ; gain = 76.672
update_compile_order -fileset sources_1
exit
INFO: [Common 17-206] Exiting Vivado at Mon Dec 17 11:02:19 2018...
